info it worked if it ends with ok
verbose cli [ 'node', '/usr/bin/npm', 'test' ]
info using npm@1.1.0-3
info using node@v0.6.8
verbose config file /home/defk/.npmrc
verbose config file /usr/etc/npmrc
verbose config file /usr/lib/node_modules/npm/npmrc
verbose caching /home/workspace/diakritik/package.json
verbose loadDefaults diakritik@0.0.0
verbose run-script [ 'pretest', 'test', 'posttest' ]
info pretest diakritik@0.0.0
info test diakritik@0.0.0
verbose unsafe-perm in lifecycle true
silly exec sh "-c" "test/app_test.js"
silly spawning [ 'sh',
silly spawning   [ '-c', 'test/app_test.js' ],
silly spawning   '/home/workspace/diakritik' ]
info diakritik@0.0.0 Failed to exec test script
ERR! diakritik@0.0.0 test: `test/app_test.js`
ERR! `sh "-c" "test/app_test.js"` failed with 126
ERR! 
ERR! Failed at the diakritik@0.0.0 test script.
ERR! This is most likely a problem with the diakritik package,
ERR! not with npm itself.
ERR! Tell the author that this fails on your system:
ERR!     test/app_test.js
ERR! You can get their info via:
ERR!     npm owner ls diakritik
ERR! There is likely additional logging output above.
ERR! 
ERR! System Linux 3.1.0-4.dmz.1-liquorix-amd64
ERR! command "node" "/usr/bin/npm" "test"
ERR! cwd /home/workspace/diakritik
ERR! node -v v0.6.8
ERR! npm -v 1.1.0-3
ERR! code ELIFECYCLE
ERR! message diakritik@0.0.0 test: `test/app_test.js`
ERR! message `sh "-c" "test/app_test.js"` failed with 126
ERR! errno {}
verbose exit [ 1, true ]
